<?xml version="1.0" encoding="UTF-8"?>
<testng-results skipped="0" failed="0" ignored="0" total="1" passed="1">
  <reporter-output>
    <line>
      <![CDATA[Extent Report DirectoryC:\Users\Dahlia\IdeaProjects\SeleniumFramework\Twitter\target\surefire-reports\html]]>
    </line>
  </reporter-output>
  <suite name="Twitter" duration-ms="37437" started-at="2018-01-20T18:32:45Z" finished-at="2018-01-20T18:33:22Z">
    <groups>
    </groups>
    <test name="Twitter Features" duration-ms="37437" started-at="2018-01-20T18:32:45Z" finished-at="2018-01-20T18:33:22Z">
      <class name="TestTwitter.TestTwittHome">
        <test-method status="PASS" signature="extentSetup(org.testng.ITestContext)[pri:0, instance:TestTwitter.TestTwittHome@5a61f5df]" name="extentSetup" is-config="true" duration-ms="187" started-at="2018-01-20T13:32:45Z" finished-at="2018-01-20T13:32:45Z">
          <params>
            <param index="0">
              <value>
                <![CDATA[org.testng.TestRunner@6e38921c]]>
              </value>
            </param>
          </params>
          <reporter-output>
            <line>
              <![CDATA[Extent Report DirectoryC:\Users\Dahlia\IdeaProjects\SeleniumFramework\Twitter\target\surefire-reports\html]]>
            </line>
          </reporter-output>
        </test-method> <!-- extentSetup -->
        <test-method status="PASS" signature="setUp(boolean, java.lang.String, java.lang.String, java.lang.String, java.lang.String, java.lang.String, java.lang.String)[pri:0, instance:TestTwitter.TestTwittHome@5a61f5df]" name="setUp" is-config="true" duration-ms="11532" started-at="2018-01-20T13:32:45Z" finished-at="2018-01-20T13:32:57Z">
          <params>
            <param index="0">
              <value>
                <![CDATA[false]]>
              </value>
            </param>
            <param index="1">
              <value>
                <![CDATA[false]]>
              </value>
            </param>
            <param index="2">
              <value>
                <![CDATA[Windows]]>
              </value>
            </param>
            <param index="3">
              <value>
                <![CDATA[10]]>
              </value>
            </param>
            <param index="4">
              <value>
                <![CDATA[firefox]]>
              </value>
            </param>
            <param index="5">
              <value>
                <![CDATA[34]]>
              </value>
            </param>
            <param index="6">
              <value>
                <![CDATA[https://twitter.com/]]>
              </value>
            </param>
          </params>
          <reporter-output>
          </reporter-output>
        </test-method> <!-- setUp -->
        <test-method status="PASS" signature="testHome()[pri:0, instance:TestTwitter.TestTwittHome@5a61f5df]" name="testHome" duration-ms="24858" started-at="2018-01-20T13:32:57Z" finished-at="2018-01-20T13:33:21Z">
          <reporter-output>
          </reporter-output>
        </test-method> <!-- testHome -->
        <test-method status="PASS" signature="startExtent(java.lang.reflect.Method)[pri:0, instance:TestTwitter.TestTwittHome@5a61f5df]" name="startExtent" is-config="true" duration-ms="0" started-at="2018-01-20T13:32:57Z" finished-at="2018-01-20T13:32:57Z">
          <params>
            <param index="0">
              <value>
                <![CDATA[public void TestTwitter.TestTwittHome.testHome() throws java.lang.InterruptedException]]>
              </value>
            </param>
          </params>
          <reporter-output>
          </reporter-output>
        </test-method> <!-- startExtent -->
        <test-method status="PASS" signature="afterEachTestMethod(org.testng.ITestResult)[pri:0, instance:TestTwitter.TestTwittHome@5a61f5df]" name="afterEachTestMethod" is-config="true" duration-ms="1047" started-at="2018-01-20T13:33:21Z" finished-at="2018-01-20T13:33:22Z">
          <params>
            <param index="0">
              <value>
                <![CDATA[[TestResult name=testHome status=SUCCESS method=TestTwittHome.testHome()[pri:0, instance:TestTwitter.TestTwittHome@5a61f5df] output={null}]]]>
              </value>
            </param>
          </params>
          <reporter-output>
          </reporter-output>
        </test-method> <!-- afterEachTestMethod -->
        <test-method status="PASS" signature="cleanUp()[pri:0, instance:TestTwitter.TestTwittHome@5a61f5df]" name="cleanUp" is-config="true" duration-ms="0" started-at="2018-01-20T13:33:22Z" finished-at="2018-01-20T13:33:22Z">
          <reporter-output>
          </reporter-output>
        </test-method> <!-- cleanUp -->
        <test-method status="PASS" signature="generateReport()[pri:0, instance:TestTwitter.TestTwittHome@5a61f5df]" name="generateReport" is-config="true" duration-ms="32" started-at="2018-01-20T13:33:22Z" finished-at="2018-01-20T13:33:23Z">
          <reporter-output>
          </reporter-output>
        </test-method> <!-- generateReport -->
      </class> <!-- TestTwitter.TestTwittHome -->
    </test> <!-- Twitter Features -->
  </suite> <!-- Twitter -->
</testng-results>
